<?xml version="1.0" encoding="UTF-8"?><testsuite failures="8" name="cucumber.runtime.formatter.JUnitFormatter" skipped="0" tests="29" time="0">
<testcase classname="Free CRM Create Contacts" name="Free CRM Create a new contact scenario" time="0">
<failure message="The scenario has pending or undefined step(s)"><![CDATA[Given user is already on Login Page.........................................undefined
When title of login page is Free CRM........................................undefined
Then user enters "naveenk" and "test@123"...................................undefined
Then user clicks on login button............................................undefined
Then user is on home page...................................................undefined
Then user moves to new contact page.........................................undefined
Then user enters contact details "Tom" and "Peter" and "Manager"............undefined
Then Close the browser......................................................undefined
]]></failure>
</testcase>
<testcase classname="Free CRM Create Contacts" name="Free CRM Create a new contact scenario 2" time="0">
<failure message="The scenario has pending or undefined step(s)"><![CDATA[Given user is already on Login Page.........................................undefined
When title of login page is Free CRM........................................undefined
Then user enters "naveenk" and "test@123"...................................undefined
Then user clicks on login button............................................undefined
Then user is on home page...................................................undefined
Then user moves to new contact page.........................................undefined
Then user enters contact details "David" and "Dsouza" and "Director"........undefined
Then Close the browser......................................................undefined
]]></failure>
</testcase>
<testcase classname="Deal data creation" name="Free CRM Create a new deal scenario" time="0">
<failure message="The scenario has pending or undefined step(s)"><![CDATA[Given user is already on Login Page.........................................undefined
When title of login page is Free CRM........................................undefined
Then user enters username and password......................................undefined
Then user clicks on login button............................................undefined
Then user is on home page...................................................undefined
Then user moves to new deal page............................................undefined
Then user enters deal details...............................................undefined
Then Close the browser......................................................undefined
]]></failure>
</testcase>
<testcase classname="Deal data creation" name="Free CRM Create a new deal scenario" time="0">
<failure message="The scenario has pending or undefined step(s)"><![CDATA[Given user is already on Login Page.........................................undefined
When title of login page is Free CRM........................................undefined
Then user enters username and password......................................undefined
Then user clicks on login button............................................undefined
Then user is on home page...................................................undefined
Then user moves to new deal page............................................undefined
Then user enters deal details...............................................undefined
Then Close the browser......................................................undefined
]]></failure>
</testcase>
<testcase classname="Free CRM app test" name="free crm create deal test" time="0">
<failure message="The scenario has pending or undefined step(s)"><![CDATA[Given user is on deal page..................................................undefined
When user fills the deals form..............................................undefined
Then deal is created........................................................undefined
]]></failure>
</testcase>
<testcase classname="Free CRM app test" name="free crm create contact test" time="0">
<failure message="The scenario has pending or undefined step(s)"><![CDATA[Given user is on contact page...............................................undefined
When user fills the contact form............................................undefined
Then contact is created.....................................................undefined
]]></failure>
</testcase>
<testcase classname="Free CRM Login Feature" name="Free CRM Login Test Scenario" time="0">
<failure message="The scenario has pending or undefined step(s)"><![CDATA[Given user is already on Login Page.........................................undefined
When title of login page is Free CRM........................................undefined
Then user enters "naveenk" and "test@123"...................................undefined
Then user clicks on login button............................................undefined
Then user is on home page...................................................undefined
Then Close the browser......................................................undefined
]]></failure>
</testcase>
<testcase classname="Free CRM Login Feature" name="Free CRM Login Test Scenario 2" time="0">
<failure message="The scenario has pending or undefined step(s)"><![CDATA[Given user is already on Login Page.........................................undefined
When title of login page is Free CRM........................................undefined
Then user enters "tom" and "test456"........................................undefined
Then user clicks on login button............................................undefined
Then user is on home page...................................................undefined
Then Close the browser......................................................undefined
]]></failure>
</testcase>
<testcase classname="Test Tagged Hooks" name="This is First test" time="0">
<system-out><![CDATA[Given this is the first step................................................skipped
When this is the second step................................................skipped
Then this is the third step.................................................skipped
]]></system-out>
</testcase>
<testcase classname="Test Tagged Hooks" name="This is Second test" time="0">
<system-out><![CDATA[Given this is the first step................................................skipped
When this is the second step................................................skipped
Then this is the third step.................................................skipped
]]></system-out>
</testcase>
<testcase classname="Test Tagged Hooks" name="This is Third test" time="0">
<system-out><![CDATA[Given this is the first step................................................skipped
When this is the second step................................................skipped
Then this is the third step.................................................skipped
]]></system-out>
</testcase>
<testcase classname="Free CRM application testing" name="Login with correct username and correct password" time="0">
<system-out><![CDATA[Given This is a valid login test............................................skipped
]]></system-out>
</testcase>
<testcase classname="Free CRM application testing" name="Login with incorrect username and correct password" time="0">
<system-out><![CDATA[Given This is a invalid login test..........................................skipped
]]></system-out>
</testcase>
<testcase classname="Free CRM application testing" name="Create a contact" time="0">
<system-out><![CDATA[Given This is a contact test case...........................................skipped
]]></system-out>
</testcase>
<testcase classname="Free CRM application testing" name="Create a deal" time="0">
<system-out><![CDATA[Given This is a deal test case..............................................skipped
]]></system-out>
</testcase>
<testcase classname="Free CRM application testing" name="Create a tasks" time="0">
<system-out><![CDATA[Given This is a tasks test case.............................................skipped
]]></system-out>
</testcase>
<testcase classname="Free CRM application testing" name="Create a case" time="0">
<system-out><![CDATA[Given This is a case test case..............................................skipped
]]></system-out>
</testcase>
<testcase classname="Free CRM application testing" name="Verify left panel links" time="0">
<system-out><![CDATA[Given clicking on left panel links..........................................skipped
]]></system-out>
</testcase>
<testcase classname="Free CRM application testing" name="Search a deal" time="0">
<system-out><![CDATA[Given This is a search deal test............................................skipped
]]></system-out>
</testcase>
<testcase classname="Free CRM application testing" name="Search a contact" time="0">
<system-out><![CDATA[Given This is a search contact test.........................................skipped
]]></system-out>
</testcase>
<testcase classname="Free CRM application testing" name="Search a case" time="0">
<system-out><![CDATA[Given This is a search case test............................................skipped
]]></system-out>
</testcase>
<testcase classname="Free CRM application testing" name="Search a task" time="0">
<system-out><![CDATA[Given This is a search task test............................................skipped
]]></system-out>
</testcase>
<testcase classname="Free CRM application testing" name="Search a call" time="0">
<system-out><![CDATA[Given This is a search call test............................................skipped
]]></system-out>
</testcase>
<testcase classname="Free CRM application testing" name="Search an email" time="0">
<system-out><![CDATA[Given This is a search email test...........................................skipped
]]></system-out>
</testcase>
<testcase classname="Free CRM application testing" name="Search a docs" time="0">
<system-out><![CDATA[Given This is a search docs test............................................skipped
]]></system-out>
</testcase>
<testcase classname="Free CRM application testing" name="Search a forms" time="0">
<system-out><![CDATA[Given This is a search forms test...........................................skipped
]]></system-out>
</testcase>
<testcase classname="Free CRM application testing" name="validate a report" time="0">
<system-out><![CDATA[Given This is a report test.................................................skipped
]]></system-out>
</testcase>
<testcase classname="Free CRM application testing" name="Application Logout" time="0">
<system-out><![CDATA[Given This is a logout test.................................................skipped
]]></system-out>
</testcase>
<testcase classname="Free CRM application testing" name="browser closed" time="0">
<system-out><![CDATA[Given This is a close broswer test..........................................skipped
]]></system-out>
</testcase>
</testsuite>
